<?xml version="1.0" encoding="UTF-8"?>
<testsuite name="MainTest" tests="1" skipped="0" failures="0" errors="0" timestamp="2019-09-03T09:02:00" hostname="yurii-HP-Pavilion-Notebook" time="0.043">
  <properties/>
  <testcase name="workerTestCase()" classname="MainTest" time="0.043"/>
  <system-out><![CDATA[]]></system-out>
  <system-err><![CDATA[]]></system-err>
</testsuite>
